<?xml version="1.0" encoding="UTF-8"?>
<!-- Generated by org.testng.reporters.JUnitReportReporter -->
<testsuite hostname="DESKTOP-4MJTA1R" name="org.nor.file.find.XfdlTest" tests="1" failures="0" timestamp="21 May 2016 01:54:56 GMT" time="0.035" errors="0">
  <testcase name="testgetFileList" time="0.035" classname="org.nor.file.find.XfdlTest"/>
</testsuite> <!-- org.nor.file.find.XfdlTest -->
